[42] /mnt/hgfs/Development/Perl/pemes/lova/code/lib//Service/Game.pm 50 Service.Game - Lucky numbers: 1 9 13 15 23 26 27 28
[53] /mnt/hgfs/Development/Perl/pemes/lova/code/lib//Service/Game.pm 55 Service.Game - Lucky numbers: 2 5 8 17 18 20 28 29
[55] /mnt/hgfs/Development/Perl/pemes/lova/code/lib//Service/Game.pm 59 Service.Game - Tickets in Game: 0
[59] /mnt/hgfs/Development/Perl/pemes/lova/code/lib//Service/Game.pm 63 Service.Game - Users in Game: 
[60] /mnt/hgfs/Development/Perl/pemes/lova/code/lib//Service/Game.pm 83 Service.Game - Game Price: 
[36] /mnt/hgfs/Development/Perl/pemes/lova/code/lib//Service/Game.pm 55 Service.Game - Lucky numbers: 1 8 11 19 21 25 30 31
[37] /mnt/hgfs/Development/Perl/pemes/lova/code/lib//Service/Game.pm 59 Service.Game - Tickets in Game: 0
[38] /mnt/hgfs/Development/Perl/pemes/lova/code/lib//Service/Game.pm 63 Service.Game - Users in Game: 
[39] /mnt/hgfs/Development/Perl/pemes/lova/code/lib//Service/Game.pm 83 Service.Game - Game Price: 012
[73] /mnt/hgfs/Development/Perl/pemes/lova/code/lib//Service/Game.pm 55 Service.Game - Lucky numbers: 1 2 9 10 13 22 25 29
[74] /mnt/hgfs/Development/Perl/pemes/lova/code/lib//Service/Game.pm 59 Service.Game - Tickets in Game: 0
[76] /mnt/hgfs/Development/Perl/pemes/lova/code/lib//Service/Game.pm 63 Service.Game - Users in Game: 
[71] /mnt/hgfs/Development/Perl/pemes/lova/code/lib//Service/Game.pm 55 Service.Game - Lucky numbers: 2 4 6 11 13 22 26 28
[73] /mnt/hgfs/Development/Perl/pemes/lova/code/lib//Service/Game.pm 59 Service.Game - Tickets in Game: 0
[74] /mnt/hgfs/Development/Perl/pemes/lova/code/lib//Service/Game.pm 63 Service.Game - Users in Game: 
[76] /mnt/hgfs/Development/Perl/pemes/lova/code/lib//Service/Game.pm 84 Service.Game - Game Price: 012
[79] /mnt/hgfs/Development/Perl/pemes/lova/code/lib//Service/Game.pm 55 Service.Game - Lucky numbers: 1 4 6 8 14 16 27 29
[82] /mnt/hgfs/Development/Perl/pemes/lova/code/lib//Service/Game.pm 59 Service.Game - Tickets in Game: 0
[83] /mnt/hgfs/Development/Perl/pemes/lova/code/lib//Service/Game.pm 63 Service.Game - Users in Game: 
[47] /mnt/hgfs/Development/Perl/pemes/lova/code/lib//Service/Game.pm 55 Service.Game - Lucky numbers: 3 12 14 16 17 18 21 24
[51] /mnt/hgfs/Development/Perl/pemes/lova/code/lib//Service/Game.pm 59 Service.Game - Tickets in Game: 0
[59] /mnt/hgfs/Development/Perl/pemes/lova/code/lib//Service/Game.pm 63 Service.Game - Users in Game: 
[60] /mnt/hgfs/Development/Perl/pemes/lova/code/lib//Service/Game.pm 84 Service.Game - Game Price: 012
[52] /mnt/hgfs/Development/Perl/pemes/lova/code/lib//Service/Game.pm 55 Service.Game - Lucky numbers: 1 9 12 14 15 17 25 26
[53] /mnt/hgfs/Development/Perl/pemes/lova/code/lib//Service/Game.pm 59 Service.Game - Tickets in Game: 0
[54] /mnt/hgfs/Development/Perl/pemes/lova/code/lib//Service/Game.pm 63 Service.Game - Users in Game: 
[60] /mnt/hgfs/Development/Perl/pemes/lova/code/lib//Service/Game.pm 84 Service.Game - Game Price: 012
[36] /mnt/hgfs/Development/Perl/pemes/lova/code/lib//Service/Game.pm 55 Service.Game - Lucky numbers: 8 9 10 14 17 23 27 28
[41] /mnt/hgfs/Development/Perl/pemes/lova/code/lib//Service/Game.pm 59 Service.Game - Tickets in Game: 0
[41] /mnt/hgfs/Development/Perl/pemes/lova/code/lib//Service/Game.pm 63 Service.Game - Users in Game: 
[46] /mnt/hgfs/Development/Perl/pemes/lova/code/lib//Service/Game.pm 84 Service.Game - Game Price: 012
[58] /mnt/hgfs/Development/Perl/pemes/lova/code/lib//Service/Game.pm 55 Service.Game - Lucky numbers: 1 4 5 6 11 17 26 31
[63] /mnt/hgfs/Development/Perl/pemes/lova/code/lib//Service/Game.pm 59 Service.Game - Tickets in Game: 0
[65] /mnt/hgfs/Development/Perl/pemes/lova/code/lib//Service/Game.pm 63 Service.Game - Users in Game: 
[54] /mnt/hgfs/Development/Perl/pemes/lova/code/lib//Service/Game.pm 55 Service.Game - Lucky numbers: 6 7 8 10 13 19 25 29
[55] /mnt/hgfs/Development/Perl/pemes/lova/code/lib//Service/Game.pm 59 Service.Game - Tickets in Game: 0
[55] /mnt/hgfs/Development/Perl/pemes/lova/code/lib//Service/Game.pm 63 Service.Game - Users in Game: 
[59] /mnt/hgfs/Development/Perl/pemes/lova/code/lib//Service/Game.pm 55 Service.Game - Lucky numbers: 5 9 12 14 17 18 19 20
[59] /mnt/hgfs/Development/Perl/pemes/lova/code/lib//Service/Game.pm 59 Service.Game - Tickets in Game: 0
[60] /mnt/hgfs/Development/Perl/pemes/lova/code/lib//Service/Game.pm 63 Service.Game - Users in Game: 
[61] /mnt/hgfs/Development/Perl/pemes/lova/code/lib//Service/Game.pm 84 Service.Game - Game Price: 012
[49] /mnt/hgfs/Development/Perl/pemes/lova/code/lib//Service/Game.pm 55 Service.Game - Lucky numbers: 1 4 10 11 20 24 26 30
[52] /mnt/hgfs/Development/Perl/pemes/lova/code/lib//Service/Game.pm 59 Service.Game - Tickets in Game: 0
[53] /mnt/hgfs/Development/Perl/pemes/lova/code/lib//Service/Game.pm 64 Service.Game - Users in Game: 
[53] /mnt/hgfs/Development/Perl/pemes/lova/code/lib//Service/Game.pm 85 Service.Game - Game Price: 012
[52] /mnt/hgfs/Development/Perl/pemes/lova/code/lib//Service/Game.pm 55 Service.Game - Lucky numbers: 1 3 6 14 22 23 26 29
[52] /mnt/hgfs/Development/Perl/pemes/lova/code/lib//Service/Game.pm 60 Service.Game - Tickets in Game: 0
[53] /mnt/hgfs/Development/Perl/pemes/lova/code/lib//Service/Game.pm 65 Service.Game - Users in Game: 
[54] /mnt/hgfs/Development/Perl/pemes/lova/code/lib//Service/Game.pm 86 Service.Game - Game Price: 012
[53] /mnt/hgfs/Development/Perl/pemes/lova/code/lib//Service/Game.pm 55 Service.Game - Lucky numbers: 7 12 14 15 19 22 29 30
[54] /mnt/hgfs/Development/Perl/pemes/lova/code/lib//Service/Game.pm 60 Service.Game - Tickets in Game: 0
[60] /mnt/hgfs/Development/Perl/pemes/lova/code/lib//Service/Game.pm 66 Service.Game - Users in Game: 
[60] /mnt/hgfs/Development/Perl/pemes/lova/code/lib//Service/Game.pm 87 Service.Game - Game Price: 012
[87] /mnt/hgfs/Development/Perl/pemes/lova/code/lib//Service/Game.pm 55 Service.Game - Lucky numbers: 3 6 10 14 15 22 28 29
[87] /mnt/hgfs/Development/Perl/pemes/lova/code/lib//Service/Game.pm 59 Service.Game - Tickets in Game: 0
[88] /mnt/hgfs/Development/Perl/pemes/lova/code/lib//Service/Game.pm 66 Service.Game - Users in Game: 
[88] /mnt/hgfs/Development/Perl/pemes/lova/code/lib//Service/Game.pm 87 Service.Game - Game Price: 012
[67] /mnt/hgfs/Development/Perl/pemes/lova/code/lib//Service/Game.pm 55 Service.Game - Lucky numbers: 1 6 7 9 11 21 27 30
[72] /mnt/hgfs/Development/Perl/pemes/lova/code/lib//Service/Game.pm 59 Service.Game - Tickets in Game: 0
[72] /mnt/hgfs/Development/Perl/pemes/lova/code/lib//Service/Game.pm 63 Service.Game - Users in Game: 0
[50] /mnt/hgfs/Development/Perl/pemes/lova/code/lib//Service/Game.pm 55 Service.Game - Lucky numbers: 7 8 10 13 18 24 27 31
[50] /mnt/hgfs/Development/Perl/pemes/lova/code/lib//Service/Game.pm 59 Service.Game - Tickets in Game: 0
[51] /mnt/hgfs/Development/Perl/pemes/lova/code/lib//Service/Game.pm 63 Service.Game - Users in Game: 0
[51] /mnt/hgfs/Development/Perl/pemes/lova/code/lib//Data/Abstract.pm 97 Data.Abstract - No such field: gamePrice
[51] /mnt/hgfs/Development/Perl/pemes/lova/code/lib//Data/Abstract.pm 97 Data.Abstract - No such field: gamePrice
[52] /mnt/hgfs/Development/Perl/pemes/lova/code/lib//Service/Game.pm 83 Service.Game - Game Price: 0112
[55] /mnt/hgfs/Development/Perl/pemes/lova/code/lib//Service/Game.pm 55 Service.Game - Lucky numbers: 6 13 19 21 22 24 29 31
[56] /mnt/hgfs/Development/Perl/pemes/lova/code/lib//Service/Game.pm 59 Service.Game - Tickets in Game: 0
[56] /mnt/hgfs/Development/Perl/pemes/lova/code/lib//Service/Game.pm 63 Service.Game - Users in Game: 0
[56] /mnt/hgfs/Development/Perl/pemes/lova/code/lib//Service/Game.pm 83 Service.Game - Game Price: 0
[57] /mnt/hgfs/Development/Perl/pemes/lova/code/lib//Service/Game.pm 86 Service.Game - Game #1 from 2013-8-16 22:44:26 was run.
2013/08/16 22:47:32 [76] Service.Game 55 - Lucky numbers: 5 15 17 18 26 28 29 30
2013/08/16 22:47:32 [82] Service.Game 59 - Tickets in Game: 0
2013/08/16 22:47:32 [83] Service.Game 63 - Users in Game: 0
2013/08/16 22:47:32 [83] Service.Game 83 - Game Price: 0
2013/08/16 22:47:32 [118] Service.Game 86 - Game #2 from 2013-8-16 22:47:32 was run.
2013/08/17 14:03:42 [63] Service.Game 51 - Running Game.
2013/08/17 14:03:42 [64] Service.Game 58 - Lucky numbers: 5 7 8 10 14 16 23 28
2013/08/17 14:03:42 [70] Service.Game 62 - Tickets in Game: 0
2013/08/17 14:03:42 [70] Service.Game 66 - Users in Game: 0
2013/08/17 14:03:42 [71] Service.Game 86 - Game Price: 0
2013/08/17 14:03:42 [76] Service.Game 89 - Game #3 from 2013-8-17 14:3:42 was run.
2013/08/17 15:36:09 [51] Service.Game 52 - Running Game.
2013/08/17 15:36:09 [51] Service.Game 59 - Lucky numbers: 5 9 12 16 20 24 27 30
2013/08/17 15:36:09 [52] Service.Game 63 - Tickets in Game: 0
2013/08/17 15:36:09 [52] Service.Game 67 - Users in Game: 0
2013/08/17 15:36:09 [53] Service.Game 86 - Game Price: 0
2013/08/17 15:36:09 [61] Service.Game 89 - Game #1 from 2013-8-17 15:36:9 was run.
2013/08/17 15:38:59 [74] Service.Game 52 - Running Game.
2013/08/17 15:38:59 [74] Service.Game 59 - Lucky numbers: 1 4 7 9 20 23 25 31
2013/08/17 15:38:59 [80] Service.Game 63 - Tickets in Game: 0
2013/08/17 15:38:59 [80] Service.Game 67 - Users in Game: 0
2013/08/17 15:38:59 [80] Service.Game 86 - Game Price: 0
2013/08/17 15:38:59 [85] Service.Game 89 - Game #2 from 2013-8-17 15:38:59 was run.
2013/08/17 15:41:55 [105] Service.Game 52 - Running Game.
2013/08/17 15:41:55 [105] Service.Game 59 - Lucky numbers: 8 10 11 12 13 14 22 30
2013/08/17 15:41:55 [108] Service.Game 63 - Tickets in Game: 0
2013/08/17 15:41:55 [108] Service.Game 67 - Users in Game: 0
2013/08/17 15:41:55 [109] Service.Game 91 - Game Price: 0
2013/08/17 15:41:55 [115] Service.Game 94 - Game #3 from 2013-8-17 15:41:55 was run.
2013/08/17 16:06:52 [61] Service.Game 52 - Running Game.
2013/08/17 16:06:52 [62] Service.Game 59 - Lucky numbers: 1 5 6 7 12 15 22 26
2013/08/17 16:06:52 [62] Service.Game 63 - Tickets in Game: 0
2013/08/17 16:06:52 [63] Service.Game 67 - Users in Game: 0
2013/08/17 16:06:52 [63] Service.Game 86 - Game Price: 0
2013/08/17 16:06:52 [64] Service.Game 89 - Game #4 from 2013-8-17 16:6:52 was run.
2013/08/17 16:07:38 [54] Service.Game 52 - Running Game.
2013/08/17 16:07:38 [54] Service.Game 59 - Lucky numbers: 5 7 9 11 13 16 19 24
2013/08/17 16:07:38 [55] Service.Game 63 - Tickets in Game: 0
2013/08/17 16:07:38 [55] Service.Game 67 - Users in Game: 0
2013/08/17 16:07:38 [56] Service.Game 86 - Game Price: 0
2013/08/17 16:07:38 [56] Service.Game 89 - Game #5 from 2013-8-17 16:7:38 was run.
2013/08/17 16:07:38 [57] Service.Game 157 - 1 number: 0 users,  tickets
2013/08/17 16:08:37 [54] Service.Game 52 - Running Game.
2013/08/17 16:08:37 [54] Service.Game 59 - Lucky numbers: 2 6 13 16 19 20 25 29
2013/08/17 16:08:37 [55] Service.Game 63 - Tickets in Game: 0
2013/08/17 16:08:37 [60] Service.Game 67 - Users in Game: 0
2013/08/17 16:08:37 [60] Service.Game 86 - Game Price: 0
2013/08/17 16:08:37 [61] Service.Game 89 - Game #6 from 2013-8-17 16:8:37 was run.
2013/08/17 16:08:37 [61] Service.Game 157 - 1 number: 0 users,  tickets
2013/08/17 16:09:08 [45] Service.Game 52 - Running Game.
2013/08/17 16:09:08 [45] Service.Game 59 - Lucky numbers: 3 10 13 14 16 21 22 30
2013/08/17 16:09:08 [53] Service.Game 63 - Tickets in Game: 0
2013/08/17 16:09:08 [53] Service.Game 67 - Users in Game: 0
2013/08/17 16:09:08 [53] Service.Game 86 - Game Price: 0
2013/08/17 16:09:08 [54] Service.Game 89 - Game #7 from 2013-8-17 16:9:8 was run.
2013/08/17 16:09:25 [55] Service.Game 52 - Running Game.
2013/08/17 16:09:25 [56] Service.Game 59 - Lucky numbers: 1 7 8 18 21 22 25 27
2013/08/17 16:09:25 [56] Service.Game 63 - Tickets in Game: 0
2013/08/17 16:09:25 [59] Service.Game 67 - Users in Game: 0
2013/08/17 16:09:25 [59] Service.Game 86 - Game Price: 0
2013/08/17 16:09:25 [61] Service.Game 89 - Game #8 from 2013-8-17 16:9:25 was run.
2013/08/17 16:09:25 [61] Service.Game 157 - 1 number: 0 users, 0 tickets
2013/08/17 16:11:53 [48] Service.Game 52 - Running Game.
2013/08/17 16:11:53 [49] Service.Game 59 - Lucky numbers: 1 3 9 13 16 17 22 25
2013/08/17 16:11:53 [49] Service.Game 63 - Tickets in Game: 0
2013/08/17 16:11:53 [50] Service.Game 67 - Users in Game: 0
2013/08/17 16:11:53 [50] Service.Game 86 - Game Price: 0
2013/08/17 16:11:53 [57] Service.Game 89 - Game #9 from 2013-8-17 16:11:53 was run.
2013/08/17 16:38:01 [72] Service.Game 52 - Running Game.
2013/08/17 16:38:01 [72] Service.Game 59 - Lucky numbers: 3 8 9 11 16 17 24 30
2013/08/17 16:38:01 [78] Service.Game 63 - Tickets in Game: 0
2013/08/17 16:38:01 [78] Service.Game 67 - Users in Game: 0
2013/08/17 16:38:01 [78] Service.Game 86 - Game Price: 0
2013/08/17 16:39:31 [68] Service.Game 52 - Running Game.
2013/08/17 16:39:31 [68] Service.Game 59 - Lucky numbers: 11 13 17 21 24 26 27 31
2013/08/17 16:39:31 [75] Service.Game 63 - Tickets in Game: 0
2013/08/17 16:39:31 [75] Service.Game 67 - Users in Game: 0
2013/08/17 16:39:31 [76] Service.Game 86 - Game Price: 0
2013/08/17 16:39:31 [76] Service.Game 89 - Game #10 from 2013-8-17 16:39:31 was run.
